[2012-11-05 21:50:55] START
[2012-11-05 22:15:35] EDIT QSunTasteBudsV1/views/default/index.html: -31
[2012-11-05 22:15:56] EDIT QSunTasteBudsV1/controllers/default.py: -7
[2012-11-05 22:17:16] EDIT QSunTasteBudsV1/views/default/index.html: 2
[2012-11-05 22:20:21] EDIT QSunTasteBudsV1/views/default/index.html: 0
[2012-11-05 22:24:40] EDIT QSunTasteBudsV1/views/default/index.html: 0
[2012-11-05 22:39:35] EDIT QSunTasteBudsV1/views/default/index.html: 0
[2012-11-05 22:39:53] EDIT QSunTasteBudsV1/views/default/index.html: 0
[2012-11-05 22:52:46] EDIT QSunTasteBudsV1/views/default/index.html: 1
[2012-11-05 22:54:34] CREATE default/login.html: 0
[2012-11-05 22:55:18] EDIT QSunTasteBudsV1/views/default/login.html: -2
[2012-11-05 22:55:46] EDIT QSunTasteBudsV1/controllers/default.py: 2
[2012-11-05 23:02:56] EDIT QSunTasteBudsV1/controllers/default.py: 1
[2012-11-06 00:30:30] EDIT QSunTasteBudsV1/views/default/index.html: 2
[2012-11-06 00:30:48] EDIT QSunTasteBudsV1/views/default/index.html: 1
[2012-11-06 00:35:27] EDIT QSunTasteBudsV1/views/default/index.html: 1
[2012-11-06 00:35:48] EDIT QSunTasteBudsV1/views/default/index.html: 0
[2012-11-06 00:36:29] CREATE default/logout.html: 0
[2012-11-06 00:36:38] EDIT QSunTasteBudsV1/views/default/logout.html: -2
[2012-11-06 00:37:26] EDIT QSunTasteBudsV1/controllers/default.py: 2
[2012-11-06 00:38:08] EDIT QSunTasteBudsV1/controllers/default.py: 2
[2012-11-06 00:38:23] EDIT QSunTasteBudsV1/controllers/default.py: 0
[2012-11-06 00:39:57] EDIT QSunTasteBudsV1/views/default/index.html: 0
[2012-11-06 00:42:54] EDIT QSunTasteBudsV1/views/default/index.html: 3
[2012-11-06 00:43:10] EDIT QSunTasteBudsV1/views/default/index.html: 0
[2012-11-06 00:44:15] EDIT QSunTasteBudsV1/views/default/index.html: 0
[2012-11-06 00:44:52] EDIT QSunTasteBudsV1/views/default/index.html: 0
[2012-11-06 00:46:45] EDIT QSunTasteBudsV1/views/default/index.html: -2
[2012-11-06 00:47:26] EDIT QSunTasteBudsV1/views/default/index.html: 1
[2012-11-06 00:48:21] EDIT QSunTasteBudsV1/controllers/default.py: 1
[2012-11-06 00:59:49] EDIT QSunTasteBudsV1/views/default/index.html: 1
[2012-11-06 01:00:32] EDIT QSunTasteBudsV1/views/default/index.html: 0
[2012-11-06 01:05:51] EDIT QSunTasteBudsV1/views/default/index.html: -1
[2012-11-06 01:10:04] EDIT QSunTasteBudsV1/controllers/default.py: 2
[2012-11-06 01:10:46] EDIT QSunTasteBudsV1/controllers/default.py: 0
[2012-11-06 01:11:04] EDIT QSunTasteBudsV1/controllers/default.py: 0
[2012-11-06 01:12:37] EDIT QSunTasteBudsV1/views/default/index.html: 1
[2012-11-06 01:14:45] EDIT QSunTasteBudsV1/controllers/default.py: 0
[2012-11-06 01:14:59] EDIT QSunTasteBudsV1/controllers/default.py: 0
[2012-11-06 01:16:17] EDIT QSunTasteBudsV1/controllers/default.py: 0
[2012-11-06 01:16:54] EDIT QSunTasteBudsV1/controllers/default.py: 2
[2012-11-06 01:17:20] EDIT QSunTasteBudsV1/controllers/default.py: 0
[2012-11-06 01:17:56] EDIT QSunTasteBudsV1/controllers/default.py: 0
[2012-11-06 01:38:11] EDIT Tastbuds/views/default/index.html: 1
[2012-11-06 21:51:26] EDIT QSunTasteBudsV2/views/default/index.html: -1
[2012-11-06 21:52:17] EDIT QSunTasteBudsV2/views/default/index.html: 3
[2012-11-06 21:52:21] EDIT QSunTasteBudsV2/views/default/index.html: 0
[2012-11-06 21:52:53] EDIT QSunTasteBudsV2/views/default/index.html: 0
[2012-11-06 21:53:07] EDIT QSunTasteBudsV2/views/default/index.html: 0
[2012-11-06 21:53:17] EDIT QSunTasteBudsV2/views/default/index.html: 0
[2012-11-06 21:53:59] EDIT QSunTasteBudsV2/views/default/index.html: 0
[2012-11-06 21:59:14] EDIT QSunTasteBudsV2/views/default/index.html: 0
[2012-11-06 22:04:41] EDIT QSunTasteBudsV2/views/default/index.html: 0
[2012-11-06 22:06:19] EDIT QSunTasteBudsV2/views/default/index.html: 0
[2012-11-06 22:06:32] EDIT QSunTasteBudsV2/views/default/index.html: -1
[2012-11-06 22:08:22] EDIT QSunTasteBudsV2/views/default/index.html: 3
[2012-11-06 22:09:12] EDIT QSunTasteBudsV2/views/default/index.html: 0
[2012-11-06 22:10:56] EDIT QSunTasteBudsV2/views/default/index.html: 0
[2012-11-06 22:11:26] EDIT QSunTasteBudsV2/views/default/index.html: 0
[2012-11-06 22:11:59] EDIT QSunTasteBudsV2/views/default/index.html: 0
[2012-11-06 22:12:43] EDIT QSunTasteBudsV2/views/default/index.html: 0
[2012-11-06 22:12:58] EDIT QSunTasteBudsV2/views/default/index.html: 0
[2012-11-06 22:21:20] EDIT QSunTasteBudsV2/views/default/index.html: 0
[2012-11-06 22:23:36] EDIT QSunTasteBudsV2/views/default/index.html: 0
[2012-11-06 22:27:22] EDIT QSunTasteBudsV2/views/default/index.html: 1
[2012-11-06 22:27:55] EDIT QSunTasteBudsV2/views/default/index.html: 0
[2012-11-06 22:28:57] EDIT QSunTasteBudsV2/views/default/index.html: 0
[2012-11-06 22:29:40] EDIT QSunTasteBudsV2/views/default/index.html: -3
[2012-11-06 22:30:11] EDIT QSunTasteBudsV2/views/default/index.html: 0
[2012-11-06 22:33:31] EDIT QSunTasteBudsV2/views/default/index.html: 0
[2012-11-06 22:33:42] EDIT QSunTasteBudsV2/views/default/index.html: 0
[2012-11-06 22:34:18] EDIT QSunTasteBudsV2/views/default/index.html: 0
[2012-11-06 22:34:43] EDIT QSunTasteBudsV2/views/default/index.html: 1
[2012-11-06 22:42:41] EDIT QSunTasteBudsV2/views/default/index.html: 2
[2012-11-06 22:46:34] EDIT QSunTasteBudsV2/views/default/index.html: -2
[2012-11-06 22:46:44] EDIT QSunTasteBudsV2/views/default/index.html: 0
[2012-11-06 23:03:20] EDIT QSunTasteBudsV2/views/default/index.html: 1
[2012-11-06 23:03:31] EDIT QSunTasteBudsV2/views/default/index.html: 0
[2012-11-06 23:03:49] EDIT QSunTasteBudsV2/views/default/index.html: 0
[2012-11-06 23:04:06] EDIT QSunTasteBudsV2/views/default/index.html: 0
[2012-11-06 23:28:50] EDIT QSunTasteBudsV2/views/default/index.html: 0
[2012-11-06 23:32:20] EDIT QSunTasteBudsV2/views/default/index.html: 4
[2012-11-06 23:33:22] EDIT QSunTasteBudsV2/views/default/index.html: 1
[2012-11-07 00:35:57] EDIT QSunTasteBudsV2/controllers/default.py: 6
[2012-11-07 00:36:21] CREATE default/recipe.html: 0
[2012-11-07 00:36:39] EDIT QSunTasteBudsV2/views/default/recipe.html: -2
[2012-11-07 00:37:15] CREATE deault/discover.html: 0
[2012-11-07 00:37:32] EDIT QSunTasteBudsV2/views/deault/discover.html: -2
[2012-11-07 00:37:42] EDIT QSunTasteBudsV2/views/default/recipe.html: 0
[2012-11-07 00:38:11] EDIT QSunTasteBudsV2/controllers/default.py: 2
[2012-11-07 00:38:25] DELETE QSunTasteBudsV2/views/deault/discover.html: -1
[2012-11-07 00:38:40] CREATE default/discover.html: 0
[2012-11-07 00:38:52] EDIT QSunTasteBudsV2/views/default/discover.html: -2
[2012-11-07 00:39:11] CREATE default/community.html: 0
[2012-11-07 00:39:23] EDIT QSunTasteBudsV2/views/default/community.html: -2
[2012-11-07 00:39:58] CREATE default/news.html: 0
[2012-11-07 00:40:14] EDIT QSunTasteBudsV2/views/default/news.html: -2
[2012-11-07 00:41:31] EDIT QSunTasteBudsV2/views/default/index.html: 0
[2012-11-07 00:43:03] EDIT QSunTasteBudsV2/views/default/index.html: 0
[2012-11-07 00:44:15] EDIT QSunTasteBudsV2/views/default/index.html: 0
[2012-11-07 00:45:03] EDIT QSunTasteBudsV2/views/default/index.html: 0
[2012-11-07 00:45:20] EDIT QSunTasteBudsV2/views/default/index.html: 0
[2012-11-07 00:45:28] EDIT QSunTasteBudsV2/views/default/index.html: 0
[2012-11-07 00:45:37] EDIT QSunTasteBudsV2/views/default/index.html: 0
[2012-11-07 00:45:43] EDIT QSunTasteBudsV2/views/default/index.html: 0
[2012-11-07 00:45:53] EDIT QSunTasteBudsV2/views/default/index.html: 0
[2012-11-07 01:05:28] EDIT QSunTasteBudsV2/views/default/index.html: 8
[2012-11-07 01:05:41] EDIT QSunTasteBudsV2/views/default/index.html: 0
[2012-11-07 01:05:57] EDIT QSunTasteBudsV2/views/default/index.html: 0
[2012-11-07 01:06:23] EDIT QSunTasteBudsV2/views/default/index.html: 0
[2012-11-07 01:07:13] EDIT QSunTasteBudsV2/views/default/index.html: 0
[2012-11-07 01:08:08] EDIT QSunTasteBudsV2/views/default/index.html: 4
[2012-11-08 21:51:43] EDIT QSunTasteBudsV2/views/default/index.html: 2
[2012-11-08 21:52:33] EDIT QSunTasteBudsV2/views/default/index.html: 0
[2012-11-08 21:53:32] EDIT QSunTasteBudsV2/views/default/index.html: 3
[2012-11-08 21:53:58] EDIT QSunTasteBudsV2/views/default/index.html: 1
[2012-11-08 21:55:07] EDIT QSunTasteBudsV2/views/default/index.html: 0
[2012-11-08 21:57:59] EDIT QSunTasteBudsV2/views/default/index.html: 4
[2012-11-08 22:02:17] EDIT QSunTasteBudsV2/views/default/index.html: 6
[2012-11-10 01:49:16] CREATE recipes.py: 0
[2012-11-10 01:53:14] EDIT QSunTasteBudsV2/models/recipes.py: 7
[2012-11-10 01:55:39] EDIT QSunTasteBudsV2/models/recipes.py: 0
[2012-11-10 02:03:55] EDIT QSunTasteBudsV2/models/recipes.py: 3
[2012-11-10 02:14:55] EDIT QSunTasteBudsV2/views/default/recipe.html: 16
[2012-11-10 02:16:35] EDIT QSunTasteBudsV2/views/default/index.html: 0
[2012-11-10 02:18:40] EDIT QSunTasteBudsV2/views/default/index.html: 1
[2012-11-10 02:19:53] EDIT QSunTasteBudsV2/views/default/index.html: -1
[2012-11-10 02:20:14] EDIT QSunTasteBudsV2/views/default/recipe.html: 1
[2012-11-10 02:20:21] EDIT QSunTasteBudsV2/views/default/recipe.html: 0
[2012-11-10 02:20:26] EDIT QSunTasteBudsV2/views/default/index.html: 0
[2012-11-10 02:22:09] EDIT QSunTasteBudsV2/controllers/default.py: 4
[2012-11-10 02:23:33] EDIT QSunTasteBudsV2/views/default/index.html: 1
[2012-11-10 02:24:30] CREATE default/addRecipe.html: 0
[2012-11-10 02:24:46] EDIT QSunTasteBudsV2/views/default/addRecipe.html: -2
[2012-11-10 02:25:37] EDIT QSunTasteBudsV2/controllers/default.py: 2
[2012-11-10 02:25:51] EDIT QSunTasteBudsV2/controllers/default.py: 0
[2012-11-10 02:32:55] EDIT QSunTasteBudsV2/controllers/default.py: 3
[2012-11-10 02:33:23] EDIT QSunTasteBudsV2/views/default/addRecipe.html: 1
[2012-11-14 05:24:59] EDIT QSunTasteBudsV2/controllers/default.py: 1
[2012-11-14 05:31:31] EDIT QSunTasteBudsV2/views/default/index.html: 3
[2012-11-14 05:31:51] EDIT QSunTasteBudsV2/views/default/index.html: 0
[2012-11-14 05:32:36] EDIT QSunTasteBudsV2/views/default/index.html: 1
[2012-11-14 05:44:41] EDIT QSunTasteBudsV2/views/default/index.html: 0
[2012-11-14 05:48:01] EDIT QSunTasteBudsV2/views/default/index.html: 0
[2012-11-14 05:50:30] EDIT QSunTasteBudsV2/views/default/index.html: 0
[2012-11-14 05:50:51] EDIT QSunTasteBudsV2/views/default/index.html: 0
[2012-11-14 05:51:13] EDIT QSunTasteBudsV2/views/default/index.html: 0
[2012-11-14 05:52:53] EDIT QSunTasteBudsV2/views/default/index.html: 0
[2012-11-14 05:59:40] EDIT QSunTasteBudsV2/views/default/index.html: 0
[2012-11-14 06:00:12] EDIT QSunTasteBudsV2/views/default/index.html: 0
[2012-11-14 06:09:57] EDIT QSunTasteBudsV2/views/default/index.html: 1
[2012-11-14 06:10:46] EDIT QSunTasteBudsV2/views/default/index.html: 0
[2012-11-14 06:11:16] EDIT QSunTasteBudsV2/views/default/index.html: -1
[2012-11-14 06:13:20] EDIT QSunTasteBudsV2/controllers/default.py: 8
[2012-11-14 06:15:34] EDIT QSunTasteBudsV2/controllers/default.py: -1
[2012-11-14 06:17:26] EDIT QSunTasteBudsV2/controllers/default.py: -7
[2012-11-14 06:17:48] EDIT QSunTasteBudsV2/views/default/index.html: 0
[2012-11-14 06:23:36] EDIT QSunTasteBudsV2/views/default/index.html: 0
[2012-11-14 06:25:28] EDIT QSunTasteBudsV2/views/default/index.html: 0
[2012-11-14 06:25:30] EDIT QSunTasteBudsV2/views/default/index.html: 0
[2012-11-14 06:25:51] EDIT QSunTasteBudsV2/views/default/index.html: 0
[2012-11-15 14:39:37] EDIT QSunTasteBudsV2/controllers/default.py: 0
[2012-11-15 14:40:37] EDIT QSunTasteBudsV2/controllers/default.py: 0
[2012-11-15 14:43:15] EDIT QSunTasteBudsV2/controllers/default.py: 0
[2012-11-15 14:43:59] EDIT QSunTasteBudsV2/controllers/default.py: 0
[2012-11-15 14:44:19] EDIT QSunTasteBudsV2/controllers/default.py: 0
[2012-11-15 14:50:10] EDIT QSunTasteBudsV2/controllers/default.py: 0
[2012-11-15 15:35:42] CREATE restaurant.py: 0
[2012-11-15 15:36:11] EDIT QSunTasteBudsV2/models/restaurant.py: 10
[2012-11-15 15:37:18] EDIT QSunTasteBudsV2/models/restaurant.py: 0
[2012-11-15 15:38:42] EDIT QSunTasteBudsV2/models/restaurant.py: 0
[2012-11-15 15:39:20] EDIT QSunTasteBudsV2/controllers/default.py: 5
[2012-11-15 15:40:06] CREATE default/addRestaurant.html: 0
[2012-11-15 15:40:28] EDIT QSunTasteBudsV2/views/default/addRestaurant.html: -2
[2012-11-15 15:41:52] EDIT QSunTasteBudsV2/views/default/index.html: 0
[2012-11-15 15:43:14] EDIT QSunTasteBudsV2/views/default/index.html: 1
[2012-11-15 15:45:11] EDIT QSunTasteBudsV2/models/restaurant.py: 0
[2012-11-15 15:45:18] EDIT QSunTasteBudsV2/models/restaurant.py: 0
[2012-11-15 15:45:33] EDIT QSunTasteBudsV2/models/restaurant.py: 0
[2012-11-15 15:46:33] EDIT QSunTasteBudsV2/models/restaurant.py: 1
[2012-11-15 15:47:42] EDIT QSunTasteBudsV2/models/restaurant.py: 0
[2012-11-15 15:49:17] EDIT QSunTasteBudsV2/models/recipes.py: 1
[2012-11-15 15:51:03] EDIT QSunTasteBudsV2/models/restaurant.py: 1
[2012-11-15 15:51:15] EDIT QSunTasteBudsV2/models/restaurant.py: 0
[2012-11-15 15:51:17] EDIT QSunTasteBudsV2/models/restaurant.py: 0
[2012-11-15 15:53:35] EDIT QSunTasteBudsV2/models/restaurant.py: 0
[2012-11-15 16:13:23] EDIT QSunTasteBudsV2/controllers/default.py: 1
[2012-11-15 16:13:44] EDIT QSunTasteBudsV2/controllers/default.py: 0
[2012-11-15 16:15:49] EDIT QSunTasteBudsV2/views/default/index.html: 3
[2012-11-15 16:16:46] EDIT QSunTasteBudsV2/views/default/index.html: 0
[2012-11-15 16:17:30] EDIT QSunTasteBudsV2/views/default/index.html: 0
[2012-11-15 23:40:32] CREATE default/readRecipe.html: 0
[2012-11-15 23:42:16] EDIT QSunTasteBudsV2/views/default/readRecipe.html: 4
[2012-11-15 23:43:32] EDIT QSunTasteBudsV2/controllers/default.py: 2
[2012-11-15 23:43:44] EDIT QSunTasteBudsV2/controllers/default.py: 0
[2012-11-15 23:50:24] EDIT QSunTasteBudsV2/controllers/default.py: 1
[2012-11-15 23:57:43] EDIT QSunTasteBudsV2/views/default/readRecipe.html: 2
[2012-11-15 23:57:53] EDIT QSunTasteBudsV2/views/default/readRecipe.html: 0
[2012-11-16 00:03:25] EDIT QSunTasteBudsV2/views/default/readRecipe.html: 3
[2012-11-16 00:03:53] EDIT QSunTasteBudsV2/views/default/readRecipe.html: 0
[2012-11-16 00:08:44] EDIT QSunTasteBudsV2/views/default/readRecipe.html: 0
[2012-11-16 00:18:57] EDIT QSunTasteBudsV2/views/default/index.html: 0
[2012-11-16 01:33:23] EDIT QSunTasteBudsV2/controllers/default.py: 3
[2012-11-16 01:33:56] CREATE default/readRestaurant.html: 0
[2012-11-16 01:36:07] EDIT QSunTasteBudsV2/views/default/readRestaurant.html: 9
[2012-11-16 01:38:43] EDIT QSunTasteBudsV2/views/default/readRestaurant.html: 1
[2012-11-16 01:39:44] EDIT QSunTasteBudsV2/views/default/index.html: 0
[2012-11-16 01:41:30] EDIT QSunTasteBudsV2/views/default/index.html: 0
[2012-11-16 01:43:04] EDIT QSunTasteBudsV2/views/default/readRestaurant.html: 0
