timestamp: 2012-05-14T20:17:55.957000
CREATE TABLE auth_user(
    id INTEGER PRIMARY KEY AUTOINCREMENT,
    first_name CHAR(128),
    last_name CHAR(128),
    email CHAR(512),
    password CHAR(512),
    registration_key CHAR(512),
    reset_password_key CHAR(512),
    registration_id CHAR(512)
);
success!
timestamp: 2012-05-14T20:17:55.967000
CREATE TABLE auth_group(
    id INTEGER PRIMARY KEY AUTOINCREMENT,
    role CHAR(512),
    description TEXT
);
success!
timestamp: 2012-05-14T20:17:55.967000
CREATE TABLE auth_membership(
    id INTEGER PRIMARY KEY AUTOINCREMENT,
    user_id INTEGER REFERENCES auth_user(id) ON DELETE CASCADE,
    group_id INTEGER REFERENCES auth_group(id) ON DELETE CASCADE
);
success!
timestamp: 2012-05-14T20:17:55.977000
CREATE TABLE auth_permission(
    id INTEGER PRIMARY KEY AUTOINCREMENT,
    group_id INTEGER REFERENCES auth_group(id) ON DELETE CASCADE,
    name CHAR(512),
    table_name CHAR(512),
    record_id INTEGER
);
success!
timestamp: 2012-05-14T20:17:55.977000
CREATE TABLE auth_event(
    id INTEGER PRIMARY KEY AUTOINCREMENT,
    time_stamp TIMESTAMP,
    client_ip CHAR(512),
    user_id INTEGER REFERENCES auth_user(id) ON DELETE CASCADE,
    origin CHAR(512),
    description TEXT
);
success!
timestamp: 2012-05-14T20:17:55.997000
CREATE TABLE auth_cas(
    id INTEGER PRIMARY KEY AUTOINCREMENT,
    user_id INTEGER REFERENCES auth_user(id) ON DELETE CASCADE,
    created_on TIMESTAMP,
    service CHAR(512),
    ticket CHAR(512),
    renew CHAR(1)
);
success!
timestamp: 2012-11-10T01:57:48.468000
CREATE TABLE Recipes(
    id INTEGER PRIMARY KEY AUTOINCREMENT,
    uploadTime TIMESTAMP,
    title CHAR(1000),
    description TEXT
);
success!
timestamp: 2012-11-10T02:07:19.750000
ALTER TABLE Recipes ADD rating DOUBLE;
timestamp: 2012-11-10T02:07:19.859000
ALTER TABLE Recipes ADD picture CHAR(512);
timestamp: 2012-11-10T02:07:19.953000
ALTER TABLE Recipes ADD owner INTEGER REFERENCES auth_user (id) ON DELETE CASCADE;
timestamp: 2012-11-15T15:41:56.265000
CREATE TABLE Restaurants(
    id INTEGER PRIMARY KEY AUTOINCREMENT,
    uploadTime TIMESTAMP,
    title CHAR(1000),
    description TEXT,
    owner INTEGER REFERENCES auth_user (id) ON DELETE CASCADE,
    rating DOUBLE,
    picture CHAR(512)
);
success!
timestamp: 2012-11-15T15:51:25
ALTER TABLE Restaurants ADD location CHAR(1000);
timestamp: 2012-11-15T15:51:25.093000
ALTER TABLE Restaurants ADD name CHAR(1000);
